<?xml version="1.0" encoding="UTF-8"?><testsuite errors="0" failures="0" name="com.studentapp.junit.studentsinfo.TagsTest" skipped="0" tests="3" time="3.02" timestamp="2019-10-19 11:19:00"><testcase classname="com.studentapp.junit.studentsinfo.TagsTest" name="This test verifies if status code is 400 when accessing invalid resource"/><testcase classname="com.studentapp.junit.studentsinfo.TagsTest" name="This test verifies if status code is 200 for GET"/><testcase classname="com.studentapp.junit.studentsinfo.TagsTest" name="Provide a 405 status when incorrect HTTP method is used to access a resource"/></testsuite>